<?xml version="1.0" encoding="UTF-8"?>
<testng-results ignored="0" total="1" passed="1" failed="0" skipped="0">
  <reporter-output>
  </reporter-output>
  <suite started-at="2025-12-31T15:25:52 EET" name="Default suite" finished-at="2025-12-31T15:25:52 EET" duration-ms="185">
    <groups>
    </groups>
    <test started-at="2025-12-31T15:25:52 EET" name="Default test" finished-at="2025-12-31T15:25:52 EET" duration-ms="185">
      <class name="tests.missmatch">
        <test-method signature="missmatchtest()[pri:0, instance:tests.missmatch@47eaca72]" started-at="2025-12-31T15:25:52 EET" name="missmatchtest" finished-at="2025-12-31T15:25:52 EET" duration-ms="103" status="PASS">
          <reporter-output>
          </reporter-output>
        </test-method> <!-- missmatchtest -->
      </class> <!-- tests.missmatch -->
    </test> <!-- Default test -->
  </suite> <!-- Default suite -->
</testng-results>
